Drill report for X6800 PicoPSU v2.kicad_pcb
Created on 12/15/2022 3:42:25 PM

Copper Layer Stackup:
    =============================================================
    L1 :  F.Cu                      front
    L2 :  B.Cu                      back


Drill file 'X6800 PicoPSU v2-PTH.drl' contains
    plated through holes:
    =============================================================
    T1  0.500mm  0.0197"  (16 holes)
    T2  0.800mm  0.0315"  (16 holes)
    T3  1.000mm  0.0394"  (2 holes)
    T4  1.300mm  0.0512"  (14 holes)
    T5  1.400mm  0.0551"  (20 holes)
    T6  3.500mm  0.1378"  (2 holes)

    Total plated holes count 70


Drill file 'X6800 PicoPSU v2-NPTH.drl' contains
    unplated through holes:
    =============================================================
    T1  2.700mm  0.1063"  (4 holes)
    T2  3.500mm  0.1378"  (2 holes)

    Total unplated holes count 6
